<?xml version="1.0" encoding="UTF-8"?>
<robot generator="Robot 6.1.1 (Python 3.12.0 on win32)" generated="20231128 17:11:32.054" rpa="false" schemaversion="4">
<suite id="s1" name="Watches" source="C:\Kasi_python_moolya\practice_11_11\flipkart_appium\Tests\watches.robot">
<test id="s1-t1" name="Launching the flipkart application" line="7">
<kw name="Open Application" library="AppiumLibrary">
<arg>http://localhost:4723/wd/hub</arg>
<arg>devicename=Motorola moto g(60)</arg>
<arg>platformName=Android</arg>
<arg>appPackage=com.flipkart.android</arg>
<arg>appActivity=com.flipkart.android.SplashActivity</arg>
<doc>Opens a new application to given Appium server.
Capabilities of appium server, Android and iOS,
Please check https://github.com/appium/appium/blob/master/docs/en/writing-running-appium/server-args.md
| *Option*            | *Man.* | *Description*     |
| remote_url          | Yes    | Appium server url |
| alias               | no     | alias             |
| strict_ssl          | No     | allows you to send commands to an invalid certificate host like a self-signed one. |</doc>
<status status="PASS" starttime="20231128 17:11:32.713" endtime="20231128 17:11:59.338"/>
</kw>
<kw name="Click Element" library="AppiumLibrary">
<arg>xpath=//android.widget.TextView[@text='English']/../..//android.widget.RelativeLayout</arg>
<doc>Click element identified by `locator`.</doc>
<msg timestamp="20231128 17:11:59.348" level="INFO">Clicking element 'xpath=//android.widget.TextView[@text='English']/../..//android.widget.RelativeLayout'.</msg>
<msg timestamp="20231128 17:12:02.512" level="INFO">xpath criteria: //android.widget.TextView[@text='English']/../..//android.widget.RelativeLayout</msg>
<status status="PASS" starttime="20231128 17:11:59.342" endtime="20231128 17:12:02.512"/>
</kw>
<kw name="Click Element" library="AppiumLibrary">
<arg>id=com.truecaller:id/confirm</arg>
<doc>Click element identified by `locator`.</doc>
<msg timestamp="20231128 17:12:02.515" level="INFO">Clicking element 'id=com.truecaller:id/confirm'.</msg>
<msg timestamp="20231128 17:12:04.653" level="INFO">criteria is com.truecaller:id/confirm</msg>
<status status="PASS" starttime="20231128 17:12:02.512" endtime="20231128 17:12:04.653"/>
</kw>
<kw name="Sleep" library="BuiltIn">
<arg>4s</arg>
<doc>Pauses the test executed for the given time.</doc>
<msg timestamp="20231128 17:12:08.654" level="INFO">Slept 4 seconds</msg>
<status status="PASS" starttime="20231128 17:12:04.653" endtime="20231128 17:12:08.654"/>
</kw>
<status status="PASS" starttime="20231128 17:11:32.712" endtime="20231128 17:12:08.654"/>
</test>
<status status="PASS" starttime="20231128 17:11:32.054" endtime="20231128 17:12:08.659"/>
</suite>
<statistics>
<total>
<stat pass="1" fail="0" skip="0">All Tests</stat>
</total>
<tag>
</tag>
<suite>
<stat pass="1" fail="0" skip="0" id="s1" name="Watches">Watches</stat>
</suite>
</statistics>
<errors>
</errors>
</robot>
