<?xml version="1.0" encoding="UTF-8"?>
<robot generator="Robot 6.1.1 (Python 3.12.0 on win32)" generated="20231106 14:03:46.504" rpa="false" schemaversion="4">
<suite id="s1" name="Window Handles" source="C:\development\robot-scripts\Temp_script1\Tests\window_handles.robot">
<test id="s1-t1" name="alerts_handling" line="19">
<kw name="Open Browser" library="SeleniumLibrary">
<arg>https://rahulshettyacademy.com/AutomationPractice/</arg>
<arg>chrome</arg>
<doc>Opens a new browser instance to the optional ``url``.</doc>
<msg timestamp="20231106 14:03:46.741" level="INFO">Opening browser 'chrome' to base url 'https://rahulshettyacademy.com/AutomationPractice/'.</msg>
<status status="PASS" starttime="20231106 14:03:46.741" endtime="20231106 14:03:49.739"/>
</kw>
<kw name="Maximize Browser Window" library="SeleniumLibrary">
<doc>Maximizes current browser window.</doc>
<status status="PASS" starttime="20231106 14:03:49.741" endtime="20231106 14:03:50.030"/>
</kw>
<kw name="Sleep" library="BuiltIn">
<arg>5s</arg>
<doc>Pauses the test executed for the given time.</doc>
<msg timestamp="20231106 14:03:55.030" level="INFO">Slept 5 seconds</msg>
<status status="PASS" starttime="20231106 14:03:50.030" endtime="20231106 14:03:55.030"/>
</kw>
<kw name="Click Button" library="SeleniumLibrary">
<arg>id=alertbtn</arg>
<doc>Clicks the button identified by ``locator``.</doc>
<msg timestamp="20231106 14:03:55.030" level="INFO">Clicking button 'id=alertbtn'.</msg>
<status status="PASS" starttime="20231106 14:03:55.030" endtime="20231106 14:03:55.157"/>
</kw>
<kw name="Sleep" library="BuiltIn">
<arg>7s</arg>
<doc>Pauses the test executed for the given time.</doc>
<msg timestamp="20231106 14:04:02.158" level="INFO">Slept 7 seconds</msg>
<status status="PASS" starttime="20231106 14:03:55.157" endtime="20231106 14:04:02.158"/>
</kw>
<kw name="Handle Alert" library="SeleniumLibrary">
<arg>dismiss</arg>
<doc>Handles the current alert and returns its message.</doc>
<msg timestamp="20231106 14:04:02.160" level="INFO">HANDLE::&lt;class 'NoneType'&gt;::None</msg>
<status status="PASS" starttime="20231106 14:04:02.160" endtime="20231106 14:04:02.175"/>
</kw>
<status status="PASS" starttime="20231106 14:03:46.729" endtime="20231106 14:04:02.176"/>
</test>
<status status="PASS" starttime="20231106 14:03:46.504" endtime="20231106 14:04:02.181"/>
</suite>
<statistics>
<total>
<stat pass="1" fail="0" skip="0">All Tests</stat>
</total>
<tag>
</tag>
<suite>
<stat pass="1" fail="0" skip="0" id="s1" name="Window Handles">Window Handles</stat>
</suite>
</statistics>
<errors>
</errors>
</robot>
